 
****************************************
Report : area
Design : state_machine
Version: O-2018.06-SP1
Date   : Thu Mar 10 10:07:17 2022
****************************************

Library(s) Used:

    lsi_10k (File: /opt/synopsys/syn/O-2018.06-SP1/libraries/syn/lsi_10k.db)

Number of ports:                            6
Number of nets:                            19
Number of cells:                           13
Number of combinational cells:             10
Number of sequential cells:                 3
Number of macros/black boxes:               0
Number of buf/inv:                          1
Number of references:                      11

Combinational area:                 20.000000
Buf/Inv area:                        1.000000
Noncombinational area:              27.000000
Macro/Black Box area:                0.000000
Net Interconnect area:      undefined  (No wire load specified)

Total cell area:                    47.000000
Total area:                 undefined
1
